2020-07-08 16:01:18,267 INFO FirstTest [main] Онлайн‑курсы для профессионалов, дистанционное обучение современным профессиям
2020-07-08 16:01:18,268 INFO FirstTest [main] Открыта страница отус
2020-07-08 16:03:32,408 INFO FirstTest [main] Драйвер поднят
2020-07-08 16:03:39,895 INFO FirstTest [main] true
2020-07-08 16:03:39,896 INFO FirstTest [main] Открыта страница отус
2020-07-08 17:48:00,281 INFO FirstTest [main] Драйвер поднят
2020-07-08 17:48:02,615 INFO FirstTest [main] false
2020-07-08 17:48:02,615 INFO FirstTest [main] Открыта страница отус
2020-07-08 17:49:40,881 INFO FirstTest [main] Драйвер поднят
2020-07-08 17:49:42,928 INFO FirstTest [main] true
2020-07-08 17:49:57,425 INFO FirstTest [main] Драйвер поднят
2020-07-08 17:49:59,436 INFO FirstTest [main] true
2020-07-08 17:49:59,443 INFO FirstTest [main] Открыта страница отус
2020-07-08 17:51:42,195 INFO FirstTest [main] Драйвер поднят
2020-07-08 17:51:49,860 INFO FirstTest [main] Открыта страница отус
2020-07-08 17:53:08,896 INFO FirstTest [main] Драйвер поднят
2020-07-08 17:53:13,158 INFO FirstTest [main] Открыта страница отус
2020-07-08 17:54:47,464 INFO FirstTest [main] Драйвер поднят
2020-07-08 17:56:52,064 INFO FirstTest [main] Драйвер поднят
2020-07-08 17:59:33,823 INFO FirstTest [main] Драйвер поднят
2020-07-08 20:16:59,225 INFO FirstTest [main] Драйвер поднят
2020-07-08 20:17:12,661 INFO FirstTest [main] Драйвер поднят
2020-07-08 20:17:15,834 INFO FirstTest [main] Открыта страница отус
2020-07-08 20:20:28,175 INFO FirstTest [main] Драйвер поднят
2020-07-08 20:21:10,103 INFO FirstTest [main] Драйвер поднят
2020-07-08 20:21:12,993 INFO FirstTest [main] Открыта страница отус
2020-07-08 20:26:18,455 INFO FirstTest [main] Драйвер поднят
2020-07-08 20:26:22,192 INFO FirstTest [main] Открыта страница отус
2020-07-08 20:26:43,985 INFO FirstTest [main] Драйвер поднят
2020-07-08 20:26:47,074 INFO FirstTest [main] Открыта страница отус
2020-07-08 20:30:15,284 INFO FirstTest [main] Драйвер поднят
2020-07-08 20:30:19,224 INFO FirstTest [main] Открыта страница отус
2020-07-08 20:30:19,229 INFO FirstTest [main] Title страницы проверен
2020-07-08 20:30:19,335 INFO FirstTest [main] Драйвер отключен
Test log
